[debug] [2019-05-29T17:51:43.167Z] ----------------------------------------------------------------------
[debug] [2019-05-29T17:51:43.170Z] Command:       C:\Program Files\nodejs\node.exe C:\Users\Somana5\AppData\Roaming\npm\node_modules\firebase-tools\lib\bin\firebase.js deploy
[debug] [2019-05-29T17:51:43.170Z] CLI Version:   6.4.0
[debug] [2019-05-29T17:51:43.170Z] Platform:      win32
[debug] [2019-05-29T17:51:43.170Z] Node Version:  v10.15.3
[debug] [2019-05-29T17:51:43.172Z] Time:          Wed May 29 2019 23:21:43 GMT+0530 (India Standard Time)
[debug] [2019-05-29T17:51:43.172Z] ----------------------------------------------------------------------
[debug] 
[debug] [2019-05-29T17:51:43.181Z] > command requires scopes: ["email","openid","https://www.googleapis.com/auth/cloudplatformprojects.readonly","https://www.googleapis.com/auth/firebase","https://www.googleapis.com/auth/cloud-platform"]
[debug] [2019-05-29T17:51:43.182Z] > authorizing via signed-in user
[debug] [2019-05-29T17:51:43.182Z] [iam] checking project movie-app-react-1ea15 for permissions ["firebase.projects.get","firebasehosting.sites.update"]
[debug] [2019-05-29T17:51:43.184Z] >>> HTTP REQUEST POST https://cloudresourcemanager.googleapis.com/v1/projects/movie-app-react-1ea15:testIamPermissions  

[debug] [2019-05-29T17:51:44.913Z] <<< HTTP RESPONSE 200
[debug] [2019-05-29T17:51:44.917Z] >>> HTTP REQUEST GET https://firebase.googleapis.com/v1beta1/projects/movie-app-react-1ea15  
 
[debug] [2019-05-29T17:51:45.543Z] <<< HTTP RESPONSE 200
[info] 
[info] === Deploying to 'movie-app-react-1ea15'...
[info] 
[info] i  deploying hosting
[debug] [2019-05-29T17:51:45.565Z] >>> HTTP REQUEST POST https://firebasehosting.googleapis.com/v1beta1/sites/movie-app-react-1ea15/versions  

[debug] [2019-05-29T17:51:50.153Z] <<< HTTP RESPONSE 200
[info] i  hosting[movie-app-react-1ea15]: beginning deploy...
[info] i  hosting[movie-app-react-1ea15]: found 14 files in build
[debug] [2019-05-29T17:51:50.193Z] [hosting] hash cache [YnVpbGQ] not populated
[debug] [2019-05-29T17:51:50.229Z] [hosting] hash cache [YnVpbGQ] stored for 14 files
[debug] [2019-05-29T17:51:50.229Z] [hosting][hash queue][FINAL]
[debug] [2019-05-29T17:51:50.229Z] >>> HTTP REQUEST POST https://firebasehosting.googleapis.com/v1beta1/sites/movie-app-react-1ea15/versions/7d9a5d7b76ac0b97:populateFiles  
 <request body omitted>
